2024/05/15 16:35:55 Authorized on account LinkShorteninggg_bot
2024/05/15 16:35:55 [2024-05-15T16:35:55Z] Получено сообщение от dimulatora: http://huy\"wqe
2024/05/15 16:35:55 [2024-05-15T16:35:55Z] Невалидная ссылка: http://huy\"wqe
2024/05/15 16:36:20 [2024-05-15T16:36:20Z] Получено сообщение от n1rut: https://www.youtube.com/watch?v=fbAgmKo8LMM&t=215s
2024/05/15 16:36:20 [2024-05-15T16:36:20Z] Ссылка сокращена: https://www.youtube.com/watch?v=fbAgmKo8LMM&t=215s -> http://217.71.129.139:4712/redirect/M6KEdA
2024/05/15 16:38:46 [2024-05-15T16:38:46Z] Получено сообщение от dimulatora: http://iwesgf:/ksf
2024/05/15 16:38:46 [2024-05-15T16:38:46Z] Ссылка сокращена: http://iwesgf:/ksf -> http://217.71.129.139:4712/redirect/C6VOGi
2024/05/15 16:38:57 [2024-05-15T16:38:57Z] Получено сообщение от dimulatora: ДА РОТ ТВОЙ ЕБАТЬ
2024/05/15 16:38:57 [2024-05-15T16:38:57Z] Невалидная ссылка: ДА РОТ ТВОЙ ЕБАТЬ
2024/05/15 16:39:23 [2024-05-15T16:39:23Z] Получено сообщение от dimulatora: Это не ссылка. Пожалуйста, отправьте валидную ссылку.
2024/05/15 16:39:23 [2024-05-15T16:39:23Z] Невалидная ссылка: Это не ссылка. Пожалуйста, отправьте валидную ссылку.
2024/05/15 16:39:25 [2024-05-15T16:39:25Z] Получено сообщение от dimulatora: Это не ссылка. Пожалуйста, отправьте валидную ссылку.
2024/05/15 16:39:25 [2024-05-15T16:39:25Z] Невалидная ссылка: Это не ссылка. Пожалуйста, отправьте валидную ссылку.
2024/05/15 16:39:26 [2024-05-15T16:39:26Z] Получено сообщение от dimulatora: Это не ссылка. Пожалуйста, отправьте валидную ссылку.
2024/05/15 16:39:26 [2024-05-15T16:39:26Z] Невалидная ссылка: Это не ссылка. Пожалуйста, отправьте валидную ссылку.
2024/05/15 16:39:26 [2024-05-15T16:39:26Z] Получено сообщение от dimulatora: Это не ссылка. Пожалуйста, отправьте валидную ссылку.
2024/05/15 16:39:26 [2024-05-15T16:39:26Z] Невалидная ссылка: Это не ссылка. Пожалуйста, отправьте валидную ссылку.
2024/05/15 16:39:27 [2024-05-15T16:39:27Z] Получено сообщение от dimulatora: Это не ссылка. Пожалуйста, отправьте валидную ссылку.
2024/05/15 16:39:27 [2024-05-15T16:39:27Z] Невалидная ссылка: Это не ссылка. Пожалуйста, отправьте валидную ссылку.
2024/05/15 16:39:28 [2024-05-15T16:39:28Z] Получено сообщение от dimulatora: Это не ссылка. Пожалуйста, отправьте валидную ссылку.
2024/05/15 16:39:28 [2024-05-15T16:39:28Z] Невалидная ссылка: Это не ссылка. Пожалуйста, отправьте валидную ссылку.
2024/05/15 16:39:28 [2024-05-15T16:39:28Z] Получено сообщение от dimulatora: Это не ссылка. Пожалуйста, отправьте валидную ссылку.
2024/05/15 16:39:28 [2024-05-15T16:39:28Z] Невалидная ссылка: Это не ссылка. Пожалуйста, отправьте валидную ссылку.
2024/05/15 16:39:28 [2024-05-15T16:39:28Z] Получено сообщение от dimulatora: Это не ссылка. Пожалуйста, отправьте валидную ссылку.
2024/05/15 16:39:28 [2024-05-15T16:39:28Z] Невалидная ссылка: Это не ссылка. Пожалуйста, отправьте валидную ссылку.
2024/05/15 16:39:29 [2024-05-15T16:39:29Z] Получено сообщение от dimulatora: Это не ссылка. Пожалуйста, отправьте валидную ссылку.
2024/05/15 16:39:29 [2024-05-15T16:39:29Z] Невалидная ссылка: Это не ссылка. Пожалуйста, отправьте валидную ссылку.
2024/05/15 16:39:29 [2024-05-15T16:39:29Z] Получено сообщение от dimulatora: Это не ссылка. Пожалуйста, отправьте валидную ссылку.
2024/05/15 16:39:29 [2024-05-15T16:39:29Z] Невалидная ссылка: Это не ссылка. Пожалуйста, отправьте валидную ссылку.
2024/05/15 16:39:29 [2024-05-15T16:39:29Z] Получено сообщение от dimulatora: Это не ссылка. Пожалуйста, отправьте валидную ссылку.
2024/05/15 16:39:29 [2024-05-15T16:39:29Z] Невалидная ссылка: Это не ссылка. Пожалуйста, отправьте валидную ссылку.
2024/05/15 16:39:30 [2024-05-15T16:39:30Z] Получено сообщение от dimulatora: Это не ссылка. Пожалуйста, отправьте валидную ссылку.
2024/05/15 16:39:30 [2024-05-15T16:39:30Z] Невалидная ссылка: Это не ссылка. Пожалуйста, отправьте валидную ссылку.
2024/05/15 16:39:30 [2024-05-15T16:39:30Z] Получено сообщение от dimulatora: Это не ссылка. Пожалуйста, отправьте валидную ссылку.
2024/05/15 16:39:30 [2024-05-15T16:39:30Z] Невалидная ссылка: Это не ссылка. Пожалуйста, отправьте валидную ссылку.
2024/05/15 16:39:30 [2024-05-15T16:39:30Z] Получено сообщение от dimulatora: Это не ссылка. Пожалуйста, отправьте валидную ссылку.
2024/05/15 16:39:30 [2024-05-15T16:39:30Z] Невалидная ссылка: Это не ссылка. Пожалуйста, отправьте валидную ссылку.
2024/05/15 16:39:30 [2024-05-15T16:39:30Z] Получено сообщение от dimulatora: Это не ссылка. Пожалуйста, отправьте валидную ссылку.
2024/05/15 16:39:30 [2024-05-15T16:39:30Z] Невалидная ссылка: Это не ссылка. Пожалуйста, отправьте валидную ссылку.
2024/05/15 16:39:31 [2024-05-15T16:39:31Z] Получено сообщение от dimulatora: Это не ссылка. Пожалуйста, отправьте валидную ссылку.Это не ссылка. Пожалуйста, отправьте валидную ссылку.
2024/05/15 16:39:31 [2024-05-15T16:39:31Z] Невалидная ссылка: Это не ссылка. Пожалуйста, отправьте валидную ссылку.Это не ссылка. Пожалуйста, отправьте валидную ссылку.
2024/05/15 16:43:07 [2024-05-15T16:43:07Z] Получено сообщение от dimulatora: http://test.huy select да не будет это работать
2024/05/15 16:43:07 [2024-05-15T16:43:07Z] Невалидная ссылка: http://test.huy select да не будет это работать
2024/05/15 16:43:12 [2024-05-15T16:43:12Z] Получено сообщение от dimulatora: пошёл я нахуй
2024/05/15 16:43:12 [2024-05-15T16:43:12Z] Невалидная ссылка: пошёл я нахуй
2024/05/15 16:43:24 [2024-05-15T16:43:24Z] Получено сообщение от dimulatora: ты выиграла, бездушная машина
2024/05/15 16:43:24 [2024-05-15T16:43:24Z] Невалидная ссылка: ты выиграла, бездушная машина
2024/05/15 16:44:39 [2024-05-15T16:44:39Z] Получено сообщение от dimulatora: 🍒
2024/05/15 16:44:39 [2024-05-15T16:44:39Z] Невалидная ссылка: 🍒
2024/05/15 17:42:46 [2024-05-15T17:42:46Z] Получено сообщение от nmDister: А
2024/05/15 17:42:46 [2024-05-15T17:42:46Z] Невалидная ссылка: А
2024/05/15 17:42:51 [2024-05-15T17:42:51Z] Получено сообщение от nmDister: http://Google.com
2024/05/15 17:42:51 [2024-05-15T17:42:51Z] Ссылка сокращена: http://Google.com -> http://217.71.129.139:4712/redirect/4ybuZU
2024/05/16 06:27:01 [2024-05-16T06:27:01Z] Получено сообщение от n1rut: https://vt.tiktok.com/ZSYRUNH7m/
2024/05/16 06:27:01 [2024-05-16T06:27:01Z] Ссылка сокращена: https://vt.tiktok.com/ZSYRUNH7m/ -> http://217.71.129.139:4712/redirect/aB8M2O
2024/05/17 02:16:02 [2024-05-17T02:16:02Z] Получено сообщение от dimulatora: 
2024/05/17 02:16:02 [2024-05-17T02:16:02Z] Невалидная ссылка: 
2024/05/17 02:16:15 [2024-05-17T02:16:15Z] Получено сообщение от dimulatora: https://youtu.be/NtjXWzZnGJQ?si=k2xD0lnIAFOEc47f
2024/05/17 02:16:15 [2024-05-17T02:16:15Z] Ссылка сокращена: https://youtu.be/NtjXWzZnGJQ?si=k2xD0lnIAFOEc47f -> http://217.71.129.139:4712/redirect/nZT1cP
2024/05/17 02:16:26 [2024-05-17T02:16:26Z] Получено сообщение от dimulatora: https://youtu.be/NtjXWzZnGJQ?si=k2xD0lnIAFOEc47f
2024/05/17 02:16:26 [2024-05-17T02:16:26Z] Ссылка сокращена: https://youtu.be/NtjXWzZnGJQ?si=k2xD0lnIAFOEc47f -> http://217.71.129.139:4712/redirect/sW5Ytp
2024/05/17 02:16:34 [2024-05-17T02:16:34Z] Получено сообщение от dimulatora: 
2024/05/17 02:16:34 [2024-05-17T02:16:34Z] Невалидная ссылка: 
2024/05/17 02:45:42 [2024-05-17T02:45:42Z] Получено сообщение от n1rut: https://vt.tiktok.com/ZSYRUNH7m/
2024/05/17 02:45:42 [2024-05-17T02:45:42Z] Ссылка сокращена: https://vt.tiktok.com/ZSYRUNH7m/ -> http://217.71.129.139:4712/redirect/cCUe0b
2024/05/17 10:02:26 [2024-05-17T10:02:26Z] Получено сообщение от DuHast00: /start
2024/05/17 22:36:25 [2024-05-17T22:36:25Z] Получено сообщение от Asdqweqqedsw: /start
2024/05/18 06:07:43 [2024-05-18T06:07:43Z] Получено сообщение от n1rut: http://tordexkue7sggxtul2uqwewqiulmgra4ucnmvdfhhfhuzat4l3cofzyd.onion/?bads=354
2024/05/18 06:07:43 [2024-05-18T06:07:43Z] Ссылка сокращена: http://tordexkue7sggxtul2uqwewqiulmgra4ucnmvdfhhfhuzat4l3cofzyd.onion/?bads=354 -> http://217.71.129.139:4712/redirect/kzg5Wy
2024/05/18 11:07:42 [2024-05-18T11:07:42Z] Получено сообщение от ferryaki: /start
2024/05/19 16:07:12 [2024-05-19T16:07:12Z] Получено сообщение от dimulatora: 
2024/05/19 16:07:12 [2024-05-19T16:07:12Z] Невалидная ссылка: 
2024/05/19 16:08:35 [2024-05-19T16:08:35Z] Получено сообщение от dimulatora: https://databasediagram.com/app
2024/05/19 16:08:35 [2024-05-19T16:08:35Z] Ссылка сокращена: https://databasediagram.com/app -> http://217.71.129.139:4712/redirect/9tXIHb
2024/05/19 16:08:51 [2024-05-19T16:08:51Z] Получено сообщение от dimulatora: https://wiki.merionet.ru/articles/algoritmy-shifrovaniya
2024/05/19 16:08:51 [2024-05-19T16:08:51Z] Ссылка сокращена: https://wiki.merionet.ru/articles/algoritmy-shifrovaniya -> http://217.71.129.139:4712/redirect/J8coGM
2024/05/19 16:09:27 [2024-05-19T16:09:27Z] Получено сообщение от dimulatora: ХАХАХАХАХАХА
2024/05/19 16:09:27 [2024-05-19T16:09:27Z] Невалидная ссылка: ХАХАХАХАХАХА
2024/05/20 04:16:24 [2024-05-20T04:16:24Z] Получено сообщение от dimulatora: 🌡️ Похолодание и грозы придут в Новосибирск с 20 мая. 

С понедельника, 20 мая, Новосибирск окажется во власти холодного грозового фронта. Дождливая и прохладная погода продержится в областной столице всю неделю.

Кстати, Новосибирск | Прислать новость
2024/05/20 04:16:24 [2024-05-20T04:16:24Z] Невалидная ссылка: 🌡️ Похолодание и грозы придут в Новосибирск с 20 мая. 

С понедельника, 20 мая, Новосибирск окажется во власти холодного грозового фронта. Дождливая и прохладная погода продержится в областной столице всю неделю.

Кстати, Новосибирск | Прислать новость
2024/05/20 04:16:44 [2024-05-20T04:16:44Z] Получено сообщение от dimulatora: Ну ты глянь
2024/05/20 04:16:44 [2024-05-20T04:16:44Z] Невалидная ссылка: Ну ты глянь
2024/05/20 04:16:47 [2024-05-20T04:16:47Z] Получено сообщение от dimulatora: Работает
2024/05/20 04:16:47 [2024-05-20T04:16:47Z] Невалидная ссылка: Работает
2024/05/20 04:16:51 [2024-05-20T04:16:51Z] Получено сообщение от dimulatora: Хахахаха
2024/05/20 04:16:51 [2024-05-20T04:16:51Z] Невалидная ссылка: Хахахаха
2024/05/20 04:17:01 [2024-05-20T04:17:01Z] Получено сообщение от dimulatora: Буду использовать тебя для заметок
2024/05/20 04:17:01 [2024-05-20T04:17:01Z] Невалидная ссылка: Буду использовать тебя для заметок
2024/05/20 04:17:07 [2024-05-20T04:17:07Z] Получено сообщение от dimulatora: 
2024/05/20 04:17:07 [2024-05-20T04:17:07Z] Невалидная ссылка: 
2024/05/20 08:10:40 [2024-05-20T08:10:40Z] Получено сообщение от n1rut: ⚪️
2024/05/20 08:10:40 [2024-05-20T08:10:40Z] Невалидная ссылка: ⚪️
2024/05/20 16:54:11 [2024-05-20T16:54:11Z] Получено сообщение от golliathsx: /start
2024/05/20 16:54:18 [2024-05-20T16:54:18Z] Получено сообщение от golliathsx: https://t.me/🔴onchaincoin_bot?start=user_820191507


salihan niyo na, last two weeks na lang

paremove lang emoji
2024/05/20 16:54:18 [2024-05-20T16:54:18Z] Невалидная ссылка: https://t.me/🔴onchaincoin_bot?start=user_820191507


salihan niyo na, last two weeks na lang

paremove lang emoji
2024/05/21 15:37:08 [2024-05-21T15:37:08Z] Получено сообщение от KholoudBE: /start
2024/05/22 00:16:24 [2024-05-22T00:16:24Z] Получено сообщение от hotsun79: /start
2024/05/22 02:14:02 [2024-05-22T02:14:02Z] Получено сообщение от n1rut: https://baza.drom.ru/sell_spare_parts/+/%F4%E0%F0%E0/model/volkswagen+touareg/?autoPartsGeneration=1
2024/05/22 02:14:02 [2024-05-22T02:14:02Z] Ссылка сокращена: https://baza.drom.ru/sell_spare_parts/+/%F4%E0%F0%E0/model/volkswagen+touareg/?autoPartsGeneration=1 -> http://217.71.129.139:4712/redirect/YQHJec
2024/05/22 03:34:04 [2024-05-22T03:34:04Z] Получено сообщение от Slemyy: /start
2024/05/22 03:34:53 [2024-05-22T03:34:53Z] Получено сообщение от n1rut: https://baza.drom.ru/sell_spare_parts/+/%F4%E0%F0%E0/model/volkswagen+touareg/?autoPartsGeneration=1
2024/05/22 03:34:53 [2024-05-22T03:34:53Z] Ссылка сокращена: https://baza.drom.ru/sell_spare_parts/+/%F4%E0%F0%E0/model/volkswagen+touareg/?autoPartsGeneration=1 -> http://217.71.129.139:4712/redirect/0wmrGe
2024/05/22 03:35:12 [2024-05-22T03:35:12Z] Получено сообщение от Slemyy: test.com
2024/05/22 03:35:12 [2024-05-22T03:35:12Z] Невалидная ссылка: test.com
2024/05/22 03:35:49 [2024-05-22T03:35:49Z] Получено сообщение от Slemyy: http://test.com
2024/05/22 03:35:49 [2024-05-22T03:35:49Z] Ссылка сокращена: http://test.com -> http://217.71.129.139:4712/redirect/pCoCcq
2024/05/22 03:36:10 [2024-05-22T03:36:10Z] Получено сообщение от Slemyy: https://test.com
2024/05/22 03:36:10 [2024-05-22T03:36:10Z] Ссылка сокращена: https://test.com -> http://217.71.129.139:4712/redirect/x96Hy5
2024/05/22 05:19:11 [2024-05-22T05:19:11Z] Получено сообщение от n1rut: https://kalininsky--nsk.sudrf.ru/modules.php?name=sud_delo
2024/05/22 05:19:11 [2024-05-22T05:19:11Z] Ссылка сокращена: https://kalininsky--nsk.sudrf.ru/modules.php?name=sud_delo -> http://217.71.129.139:4712/redirect/AfnJBa
2024/05/22 06:30:38 [2024-05-22T06:30:38Z] Получено сообщение от zhacro: /start
2024/05/22 11:43:13 [2024-05-22T11:43:13Z] Получено сообщение от : /start
2024/05/24 17:41:30 [2024-05-24T17:41:30Z] Получено сообщение от dimulatora: Работает?
2024/05/24 17:41:30 [2024-05-24T17:41:30Z] Невалидная ссылка: Работает?
2024/05/25 17:42:22 [2024-05-25T17:42:22Z] Получено сообщение от dimulatora: https://www.youtube.com/watch?v=HMe9pkq_o5M
2024/05/25 17:42:22 [2024-05-25T17:42:22Z] Ссылка сокращена: https://www.youtube.com/watch?v=HMe9pkq_o5M -> http://217.71.129.139:4712/redirect/FWbgPJ
2024/05/25 17:44:47 [2024-05-25T17:44:47Z] Получено сообщение от dimulatora: https://vk.com/video-14785431_456259517
2024/05/25 17:44:47 [2024-05-25T17:44:47Z] Ссылка сокращена: https://vk.com/video-14785431_456259517 -> http://217.71.129.139:4712/redirect/O9pYNs
2024/05/25 17:45:11 [2024-05-25T17:45:11Z] Получено сообщение от dimulatora: https://sun9-11.userapi.com/impg/8p2fA8im3TKEJ-lSDnCcfznWDyKRv-FKEXiFfA/msWC_JFV9Lc.jpg?size=750x1000&quality=95&sign=6403af4c060a4a10236c18ff90ad4ff6&type=album
2024/05/25 17:45:11 [2024-05-25T17:45:11Z] Ссылка сокращена: https://sun9-11.userapi.com/impg/8p2fA8im3TKEJ-lSDnCcfznWDyKRv-FKEXiFfA/msWC_JFV9Lc.jpg?size=750x1000&quality=95&sign=6403af4c060a4a10236c18ff90ad4ff6&type=album -> http://217.71.129.139:4712/redirect/1MwAfY
2024/05/25 17:46:24 [2024-05-25T17:46:24Z] Получено сообщение от dimulatora: https://sun9-70.userapi.com/impg/lZtRtmNPH3V1AxQhwYAhs11KN_Z3Rb2HSrMBzw/4SCCTBATL-Y.jpg?size=667x442&quality=95&sign=b7df14544cd2ec77f910b039e85bc98b&type=album
2024/05/25 17:46:24 [2024-05-25T17:46:24Z] Ссылка сокращена: https://sun9-70.userapi.com/impg/lZtRtmNPH3V1AxQhwYAhs11KN_Z3Rb2HSrMBzw/4SCCTBATL-Y.jpg?size=667x442&quality=95&sign=b7df14544cd2ec77f910b039e85bc98b&type=album -> http://217.71.129.139:4712/redirect/NAzc6o
2024/05/26 19:04:55 [2024-05-26T19:04:55Z] Получено сообщение от Yner_m: /start
2024/05/27 07:25:59 [2024-05-27T07:25:59Z] Получено сообщение от Huy_N_G_Y: /start
2024/05/27 12:01:41 [2024-05-27T12:01:41Z] Получено сообщение от : /start
2024/05/27 16:37:34 [2024-05-27T16:37:34Z] Получено сообщение от dimulatora: https://databasediagram.com/app
2024/05/27 16:37:34 [2024-05-27T16:37:34Z] Ссылка сокращена: https://databasediagram.com/app -> http://217.71.129.139:4712/redirect/tciwFD
2024/05/28 06:40:43 [2024-05-28T06:40:43Z] Получено сообщение от alebeaz: /start
2024/05/28 06:40:46 [2024-05-28T06:40:46Z] Получено сообщение от alebeaz: https://t.me/CyberFinanceBot?start=cj00VWhPUHZTQWxSMkgmdT1yZWY=
2024/05/28 06:40:46 [2024-05-28T06:40:46Z] Ссылка сокращена: https://t.me/CyberFinanceBot?start=cj00VWhPUHZTQWxSMkgmdT1yZWY= -> http://217.71.129.139:4712/redirect/ARk2rb
2024/05/28 09:18:07 [2024-05-28T09:18:07Z] Получено сообщение от n1rut: http://tordexkue7sggxtul2uqwewqiulmgra4ucnmvdfhhfhuzat4l3cofzyd.onion/?bads=354
2024/05/28 09:18:07 [2024-05-28T09:18:07Z] Ссылка сокращена: http://tordexkue7sggxtul2uqwewqiulmgra4ucnmvdfhhfhuzat4l3cofzyd.onion/?bads=354 -> http://217.71.129.139:4712/redirect/YcUO7r
2024/05/28 15:51:09 [2024-05-28T15:51:09Z] Получено сообщение от dryingo: /start
2024/05/28 20:10:30 [2024-05-28T20:10:30Z] Получено сообщение от Guss_fring: /start
2024/05/29 06:12:16 [2024-05-29T06:12:16Z] Получено сообщение от : /start
2024/05/29 12:39:21 [2024-05-29T12:39:21Z] Получено сообщение от n1rut: http://tordexkue7sggxtul2uqwewqiulmgra4ucnmvdfhhfhuzat4l3cofzyd.onion/?bads=354
2024/05/29 12:39:21 [2024-05-29T12:39:21Z] Ссылка сокращена: http://tordexkue7sggxtul2uqwewqiulmgra4ucnmvdfhhfhuzat4l3cofzyd.onion/?bads=354 -> http://217.71.129.139:4712/redirect/8q9mfe
2024/05/29 13:58:22 [2024-05-29T13:58:22Z] Получено сообщение от m_issam_31: /start
2024/05/29 19:18:17 [2024-05-29T19:18:17Z] Получено сообщение от : /start
2024/05/30 16:09:43 [2024-05-30T16:09:43Z] Получено сообщение от Yner_m: /start
2024/05/30 16:38:54 [2024-05-30T16:38:54Z] Получено сообщение от dimulatora: Скинь сиськи
2024/05/30 16:38:54 [2024-05-30T16:38:54Z] Невалидная ссылка: Скинь сиськи
2024/05/30 16:39:07 [2024-05-30T16:39:07Z] Получено сообщение от dimulatora: file:///C:/Users/Dima/Downloads/Chast_9_Gumanitarnye_nauki_i_sovremennost.pdf
2024/05/30 16:39:07 [2024-05-30T16:39:07Z] Ссылка сокращена: file:///C:/Users/Dima/Downloads/Chast_9_Gumanitarnye_nauki_i_sovremennost.pdf -> http://217.71.129.139:4712/redirect/FMVl0G
2024/05/31 05:41:57 [2024-05-31T05:41:57Z] Получено сообщение от Ibrahim70000000: /start
2024/05/31 05:42:09 [2024-05-31T05:42:09Z] Получено сообщение от Ibrahim70000000: https://www.facebook.com/profile.php?id=100065770599755&mibextid=kFxxJD
2024/05/31 05:42:09 [2024-05-31T05:42:09Z] Ссылка сокращена: https://www.facebook.com/profile.php?id=100065770599755&mibextid=kFxxJD -> http://217.71.129.139:4712/redirect/PCLsLy
2024/05/31 05:42:48 [2024-05-31T05:42:48Z] Получено сообщение от Ibrahim70000000: https://tbtb55.xyz/v2fbwb?id=f0a37h6ORU8=
2024/05/31 05:42:48 [2024-05-31T05:42:48Z] Ссылка сокращена: https://tbtb55.xyz/v2fbwb?id=f0a37h6ORU8= -> http://217.71.129.139:4712/redirect/ht5Sbu
2024/05/31 07:11:54 [2024-05-31T07:11:54Z] Получено сообщение от Ibrahim70000000: https://tbtb55.xyz/Snf0b?id=f0a37h6ORU8=
2024/05/31 07:11:54 [2024-05-31T07:11:54Z] Ссылка сокращена: https://tbtb55.xyz/Snf0b?id=f0a37h6ORU8= -> http://217.71.129.139:4712/redirect/THyHeB
2024/05/31 12:38:25 [2024-05-31T12:38:25Z] Получено сообщение от xenongt_1: /start
2024/05/31 12:38:49 [2024-05-31T12:38:49Z] Получено сообщение от xenongt_1: https://drive.google.com/file/d/1hD-cxvvTMSNbHUX3ckTheEpvwRI4tlr0/view?usp=drivesdk
2024/05/31 12:38:49 [2024-05-31T12:38:49Z] Ссылка сокращена: https://drive.google.com/file/d/1hD-cxvvTMSNbHUX3ckTheEpvwRI4tlr0/view?usp=drivesdk -> http://217.71.129.139:4712/redirect/xFPEVJ
2024/05/31 12:42:00 [2024-05-31T12:42:00Z] Получено сообщение от xenongt_1: https://drive.google.com/file/d/1hD-cxvvTMSNbHUX3ckTheEpvwRI4tlr0/view?usp=drivesdk
2024/05/31 12:42:00 [2024-05-31T12:42:00Z] Ссылка сокращена: https://drive.google.com/file/d/1hD-cxvvTMSNbHUX3ckTheEpvwRI4tlr0/view?usp=drivesdk -> http://217.71.129.139:4712/redirect/cxG3WD
2024/05/31 13:51:20 [2024-05-31T13:51:20Z] Получено сообщение от PR070o: /start
2024/06/01 04:09:06 [2024-06-01T04:09:06Z] Получено сообщение от Ibrahim70000000: https://tbtb55.xyz/Snf0b?id=f0a37h6ORU8=
2024/06/01 04:09:06 [2024-06-01T04:09:06Z] Ссылка сокращена: https://tbtb55.xyz/Snf0b?id=f0a37h6ORU8= -> http://217.71.129.139:4712/redirect/bzIGse
2024/06/01 06:55:16 [2024-06-01T06:55:16Z] Получено сообщение от Ibrahim70000000: https://tbtb55.xyz/Snf0b?id=f0a37h6ORU8=
2024/06/01 06:55:16 [2024-06-01T06:55:16Z] Ссылка сокращена: https://tbtb55.xyz/Snf0b?id=f0a37h6ORU8= -> http://217.71.129.139:4712/redirect/hYZhqQ
2024/06/02 06:10:26 [2024-06-02T06:10:26Z] Получено сообщение от nfaqrs: /start
2024/06/02 06:11:08 [2024-06-02T06:11:08Z] Получено сообщение от nfaqrs: https://scholar.google.com/scholar?hl=id&as_sdt=0%2C5&q=PENGGUNAAN+BAHASA+GAUL+TERHADAP+EKSISTENSI+BAHASA+INDONESIA+PADA+MASYARAKAT&btnG=#d=gs_qabs&t=1717307927892&u=%23p%3DKHP3WiZpke8J
2024/06/02 06:11:08 [2024-06-02T06:11:08Z] Ссылка сокращена: https://scholar.google.com/scholar?hl=id&as_sdt=0%2C5&q=PENGGUNAAN+BAHASA+GAUL+TERHADAP+EKSISTENSI+BAHASA+INDONESIA+PADA+MASYARAKAT&btnG=#d=gs_qabs&t=1717307927892&u=%23p%3DKHP3WiZpke8J -> http://217.71.129.139:4712/redirect/CInI3E
2024/06/02 15:12:30 [2024-06-02T15:12:30Z] Получено сообщение от Ibrahim70000000: https://tbtb55.xyz/Hk2UUgb5a?id=f0a37h6ORU8=
2024/06/02 15:12:30 [2024-06-02T15:12:30Z] Ссылка сокращена: https://tbtb55.xyz/Hk2UUgb5a?id=f0a37h6ORU8= -> http://217.71.129.139:4712/redirect/ubQSjV
2024/06/02 15:16:01 [2024-06-02T15:16:01Z] Получено сообщение от Ibrahim70000000: https://tbtb55.xyz/Hk2UUgb5a?id=f0a37h6ORU8=
2024/06/02 15:16:01 [2024-06-02T15:16:01Z] Ссылка сокращена: https://tbtb55.xyz/Hk2UUgb5a?id=f0a37h6ORU8= -> http://217.71.129.139:4712/redirect/5ZI6D8
2024/06/04 07:14:42 [2024-06-04T07:14:42Z] Получено сообщение от n1rut: https://baza.drom.ru/sell_spare_parts/+/%F4%E0%F0%E0/model/volkswagen+touareg/?autoPartsGeneration=1
2024/06/04 07:14:42 [2024-06-04T07:14:42Z] Ссылка сокращена: https://baza.drom.ru/sell_spare_parts/+/%F4%E0%F0%E0/model/volkswagen+touareg/?autoPartsGeneration=1 -> http://217.71.129.139:4712/redirect/ICNcWL
2024/06/04 07:18:05 [2024-06-04T07:18:05Z] Получено сообщение от smwsa_r: /start
2024/06/04 07:18:17 [2024-06-04T07:18:17Z] Получено сообщение от smwsa_r: https://cgie.62.rospotrebnadzor.ru/content/1408/165096/
2024/06/04 07:18:17 [2024-06-04T07:18:17Z] Ссылка сокращена: https://cgie.62.rospotrebnadzor.ru/content/1408/165096/ -> http://217.71.129.139:4712/redirect/TGF6Zl
2024/06/04 07:18:37 [2024-06-04T07:18:37Z] Получено сообщение от smwsa_r: Дай тортик
2024/06/04 07:18:37 [2024-06-04T07:18:37Z] Невалидная ссылка: Дай тортик
2024/06/04 07:18:48 [2024-06-04T07:18:48Z] Получено сообщение от sapsanof: /start
2024/06/04 07:19:34 [2024-06-04T07:19:34Z] Получено сообщение от sapsanof: https://youtu.be/kk4IR4EP2fU?si=Uz8LSkpXg_BPX2wr
2024/06/04 07:19:34 [2024-06-04T07:19:34Z] Ссылка сокращена: https://youtu.be/kk4IR4EP2fU?si=Uz8LSkpXg_BPX2wr -> http://217.71.129.139:4712/redirect/5BHXId
2024/06/04 07:20:39 [2024-06-04T07:20:39Z] Получено сообщение от sapsanof: https://youtu.be/t1rrBZ6_AGQ?si=zzepktsC2nJ6Rqeb
2024/06/04 07:20:39 [2024-06-04T07:20:39Z] Ссылка сокращена: https://youtu.be/t1rrBZ6_AGQ?si=zzepktsC2nJ6Rqeb -> http://217.71.129.139:4712/redirect/M4xALv
2024/06/04 07:21:29 [2024-06-04T07:21:29Z] Получено сообщение от sapsanof: https://youtube.com/shorts/zQLaN8YqvnA?si=piiqAfrHbkh97ePD
2024/06/04 07:21:29 [2024-06-04T07:21:29Z] Ссылка сокращена: https://youtube.com/shorts/zQLaN8YqvnA?si=piiqAfrHbkh97ePD -> http://217.71.129.139:4712/redirect/F7i0vW
2024/06/04 07:21:51 [2024-06-04T07:21:51Z] Получено сообщение от sapsanof: 
2024/06/04 07:21:51 [2024-06-04T07:21:51Z] Невалидная ссылка: 
2024/06/04 07:22:48 [2024-06-04T07:22:48Z] Получено сообщение от sapsanof: https://youtu.be/Uv8Wp8Hct94?si=B9zyCJ2dmwkDzUAh
2024/06/04 07:22:48 [2024-06-04T07:22:48Z] Ссылка сокращена: https://youtu.be/Uv8Wp8Hct94?si=B9zyCJ2dmwkDzUAh -> http://217.71.129.139:4712/redirect/CJmppm
2024/06/04 07:24:40 [2024-06-04T07:24:40Z] Получено сообщение от smwsa_r: 
2024/06/04 07:24:40 [2024-06-04T07:24:40Z] Невалидная ссылка: 
2024/06/04 07:25:49 [2024-06-04T07:25:49Z] Получено сообщение от sapsanof: https://youtube.com/shorts/ME9FnYeAzT4?si=ves0tD3tPVkVcfnN
2024/06/04 07:25:49 [2024-06-04T07:25:49Z] Ссылка сокращена: https://youtube.com/shorts/ME9FnYeAzT4?si=ves0tD3tPVkVcfnN -> http://217.71.129.139:4712/redirect/Lksq5Y
2024/06/04 09:45:01 [2024-06-04T09:45:01Z] Получено сообщение от Obada_1st: /start
2024/06/04 09:55:05 [2024-06-04T09:55:05Z] Получено сообщение от sapsanof: хуй хуй хуй
2024/06/04 09:55:05 [2024-06-04T09:55:05Z] Невалидная ссылка: хуй хуй хуй
2024/06/04 09:55:23 [2024-06-04T09:55:23Z] Получено сообщение от sapsanof: @LinkShorteninggg_bot
2024/06/04 09:55:23 [2024-06-04T09:55:23Z] Невалидная ссылка: @LinkShorteninggg_bot
2024/06/04 09:55:36 [2024-06-04T09:55:36Z] Получено сообщение от sapsanof: http://@LinkShorteninggg_bot
2024/06/04 09:55:36 [2024-06-04T09:55:36Z] Ссылка сокращена: http://@LinkShorteninggg_bot -> http://217.71.129.139:4712/redirect/i7ideE
2024/06/04 14:33:18 [2024-06-04T14:33:18Z] Получено сообщение от : /start
